android/app/build/outputs/logs/manifest-merger-debug-report.txt
-- Merging decision tree log ---
manifest
ADDED from src\main\AndroidManifest.xml:1:1-27:12
INJECTED from src\main\AndroidManifest.xml:1:1-27:12
INJECTED from src\main\AndroidManifest.xml:1:1-27:12
INJECTED from src\main\AndroidManifest.xml:1:1-27:12
MERGED from [:react-native-fbsdk] AndroidManifest.xml:21:1-30:12
MERGED from [com.facebook.android:facebook-android-sdk:4.36.0] AndroidManifest.xml:21:1-31:12
MERGED from [com.facebook.react:react-native:0.55.4] AndroidManifest.xml:2:1-15:12
MERGED from [com.facebook.android:facebook-login:4.36.0] AndroidManifest.xml:21:1-31:12
MERGED from [com.facebook.android:facebook-share:4.36.0] AndroidManifest.xml:21:1-31:12
MERGED from [com.facebook.android:facebook-common:4.36.0] AndroidManifest.xml:21:1-37:12
MERGED from [com.android.support:appcompat-v7:27.0.2] AndroidManifest.xml:17:1-22:12
MERGED from [com.facebook.android:facebook-places:4.36.0] AndroidManifest.xml:21:1-31:12
MERGED from [com.facebook.android:facebook-applinks:4.36.0] AndroidManifest.xml:21:1-31:12
MERGED from [com.facebook.android:facebook-messenger:4.36.0] AndroidManifest.xml:21:1-31:12
MERGED from [com.facebook.android:facebook-marketing:4.36.0] AndroidManifest.xml:21:1-35:12
MERGED from [com.facebook.android:facebook-core:4.36.0] AndroidManifest.xml:21:1-53:12
MERGED from [com.facebook.fbui.textlayoutbuilder:textlayoutbuilder:1.0.0] AndroidManifest.xml:10:1-18:12
MERGED from [com.facebook.fresco:fresco:1.3.0] AndroidManifest.xml:2:1-9:12
MERGED from [com.facebook.fresco:imagepipeline-okhttp3:1.3.0] AndroidManifest.xml:2:1-9:12
MERGED from [com.facebook.soloader:soloader:0.1.0] AndroidManifest.xml:1:1-4:12
MERGED from [org.webkit:android-jsc:r174650] AndroidManifest.xml:1:1-3:12
MERGED from [com.facebook.fresco:drawee:1.3.0] AndroidManifest.xml:2:1-9:12
MERGED from [com.facebook.fresco:imagepipeline:1.3.0] AndroidManifest.xml:2:1-9:12
MERGED from [com.facebook.fresco:imagepipeline-base:1.3.0] AndroidManifest.xml:2:1-9:12
MERGED from [com.facebook.fresco:fbcore:1.3.0] AndroidManifest.xml:2:1-9:12
MERGED from [com.android.support:support-v4:27.0.2] AndroidManifest.xml:17:1-22:12
MERGED from [com.android.support:support-fragment:27.0.2] AndroidManifest.xml:17:1-22:12
MERGED from [com.android.support:support-core-utils:27.0.2] AndroidManifest.xml:17:1-22:12
MERGED from [com.android.support:animated-vector-drawable:27.0.2] AndroidManifest.xml:17:1-22:12
MERGED from [com.android.support:support-vector-drawable:27.0.2] AndroidManifest.xml:17:1-22:12
MERGED from [com.android.support:support-core-ui:27.0.2] AndroidManifest.xml:17:1-22:12
MERGED from [com.android.support:customtabs:27.0.2] AndroidManifest.xml:17:1-22:12
MERGED from [com.android.support:support-media-compat:27.0.2] AndroidManifest.xml:17:1-22:12
MERGED from [com.android.support:support-compat:27.0.2] AndroidManifest.xml:17:1-22:12
MERGED from [com.android.support:cardview-v7:27.0.2] AndroidManifest.xml:17:1-22:12
MERGED from [android.arch.lifecycle:runtime:1.0.3] AndroidManifest.xml:17:1-24:12
INJECTED from src\main\AndroidManifest.xml:1:1-27:12
INJECTED from src\main\AndroidManifest.xml:1:1-27:12
INJECTED from src\main\AndroidManifest.xml:1:1-27:12
	package
		ADDED from src\main\AndroidManifest.xml:2:5-33
		INJECTED from src\main\AndroidManifest.xml
		INJECTED from src\main\AndroidManifest.xml
	android:versionName
		INJECTED from src\main\AndroidManifest.xml
		ADDED from src\main\AndroidManifest.xml:1:1-27:12
		INJECTED from src\main\AndroidManifest.xml
	android:versionCode
		INJECTED from src\main\AndroidManifest.xml
		ADDED from src\main\AndroidManifest.xml:1:1-27:12
		INJECTED from src\main\AndroidManifest.xml
	xmlns:android
		ADDED from src\main\AndroidManifest.xml:1:11-69
uses-permission#android.permission.INTERNET
ADDED from src\main\AndroidManifest.xml:4:5-67
	android:name
		ADDED from src\main\AndroidManifest.xml:4:22-64
uses-permission#android.permission.SYSTEM_ALERT_WINDOW
ADDED from src\main\AndroidManifest.xml:5:5-77
MERGED from [com.facebook.react:react-native:0.55.4] AndroidManifest.xml:11:5-78
MERGED from [com.facebook.react:react-native:0.55.4] AndroidManifest.xml:11:5-78
	android:name
		ADDED from src\main\AndroidManifest.xml:5:22-75
application
ADDED from src\main\AndroidManifest.xml:7:5-25:19
MERGED from [:react-native-fbsdk] AndroidManifest.xml:28:5-20
MERGED from [:react-native-fbsdk] AndroidManifest.xml:28:5-20
MERGED from [com.facebook.android:facebook-android-sdk:4.36.0] AndroidManifest.xml:28:5-29:19
MERGED from [com.facebook.android:facebook-android-sdk:4.36.0] AndroidManifest.xml:28:5-29:19
MERGED from [com.facebook.react:react-native:0.55.4] AndroidManifest.xml:13:5-20
MERGED from [com.facebook.react:react-native:0.55.4] AndroidManifest.xml:13:5-20
MERGED from [com.facebook.android:facebook-login:4.36.0] AndroidManifest.xml:28:5-29:19
MERGED from [com.facebook.android:facebook-login:4.36.0] AndroidManifest.xml:28:5-29:19
MERGED from [com.facebook.android:facebook-share:4.36.0] AndroidManifest.xml:28:5-29:19
MERGED from [com.facebook.android:facebook-share:4.36.0] AndroidManifest.xml:28:5-29:19
MERGED from [com.facebook.android:facebook-common:4.36.0] AndroidManifest.xml:28:5-35:19
MERGED from [com.facebook.android:facebook-common:4.36.0] AndroidManifest.xml:28:5-35:19
MERGED from [com.facebook.android:facebook-places:4.36.0] AndroidManifest.xml:28:5-29:19
MERGED from [com.facebook.android:facebook-places:4.36.0] AndroidManifest.xml:28:5-29:19
MERGED from [com.facebook.android:facebook-applinks:4.36.0] AndroidManifest.xml:28:5-29:19
MERGED from [com.facebook.android:facebook-applinks:4.36.0] AndroidManifest.xml:28:5-29:19
MERGED from [com.facebook.android:facebook-messenger:4.36.0] AndroidManifest.xml:28:5-29:19
MERGED from [com.facebook.android:facebook-messenger:4.36.0] AndroidManifest.xml:28:5-29:19
MERGED from [com.facebook.android:facebook-marketing:4.36.0] AndroidManifest.xml:28:5-33:19
MERGED from [com.facebook.android:facebook-marketing:4.36.0] AndroidManifest.xml:28:5-33:19
MERGED from [com.facebook.android:facebook-core:4.36.0] AndroidManifest.xml:28:5-51:19
MERGED from [com.facebook.android:facebook-core:4.36.0] AndroidManifest.xml:28:5-51:19
MERGED from [com.facebook.soloader:soloader:0.1.0] AndroidManifest.xml:3:3-17
MERGED from [com.facebook.soloader:soloader:0.1.0] AndroidManifest.xml:3:3-17
MERGED from [org.webkit:android-jsc:r174650] AndroidManifest.xml:2:3-17
MERGED from [org.webkit:android-jsc:r174650] AndroidManifest.xml:2:3-17
	android:supportsRtl
		ADDED from [com.facebook.android:facebook-android-sdk:4.36.0] AndroidManifest.xml:28:18-44
	android:label
		ADDED from src\main\AndroidManifest.xml:9:7-39
	android:icon
		ADDED from src\main\AndroidManifest.xml:10:7-41
	android:allowBackup
		ADDED from src\main\AndroidManifest.xml:11:7-34
	android:theme
		ADDED from src\main\AndroidManifest.xml:12:7-38
	android:name
		ADDED from src\main\AndroidManifest.xml:8:7-38
meta-data#com.facebook.sdk.ApplicationId
ADDED from src\main\AndroidManifest.xml:13:9-107
	android:value
		ADDED from src\main\AndroidManifest.xml:13:66-105
	android:name
		ADDED from src\main\AndroidManifest.xml:13:20-65
activity#com.fbloginexample.MainActivity
ADDED from src\main\AndroidManifest.xml:14:7-23:18
	android:label
		ADDED from src\main\AndroidManifest.xml:16:9-41
	android:windowSoftInputMode
		ADDED from src\main\AndroidManifest.xml:18:9-51
	android:configChanges
		ADDED from src\main\AndroidManifest.xml:17:9-79
	android:name
		ADDED from src\main\AndroidManifest.xml:15:9-37
intent-filter#action:name:android.intent.action.MAIN+category:name:android.intent.category.LAUNCHER
ADDED from src\main\AndroidManifest.xml:19:9-22:25
action#android.intent.action.MAIN
ADDED from src\main\AndroidManifest.xml:20:13-65
	android:name
		ADDED from src\main\AndroidManifest.xml:20:21-62
category#android.intent.category.LAUNCHER
ADDED from src\main\AndroidManifest.xml:21:13-73
	android:name
		ADDED from src\main\AndroidManifest.xml:21:23-70
activity#com.facebook.react.devsupport.DevSettingsActivity
ADDED from src\main\AndroidManifest.xml:24:7-84
	android:name
		ADDED from src\main\AndroidManifest.xml:24:17-81
uses-sdk
INJECTED from src\main\AndroidManifest.xml reason: use-sdk injection requested
INJECTED from src\main\AndroidManifest.xml
INJECTED from src\main\AndroidManifest.xml
MERGED from [:react-native-fbsdk] AndroidManifest.xml:24:5-26:41
MERGED from [:react-native-fbsdk] AndroidManifest.xml:24:5-26:41
MERGED from [com.facebook.android:facebook-android-sdk:4.36.0] AndroidManifest.xml:24:5-26:41
MERGED from [com.facebook.android:facebook-android-sdk:4.36.0] AndroidManifest.xml:24:5-26:41
MERGED from [com.facebook.react:react-native:0.55.4] AndroidManifest.xml:7:5-9:41
MERGED from [com.facebook.react:react-native:0.55.4] AndroidManifest.xml:7:5-9:41
MERGED from [com.facebook.android:facebook-login:4.36.0] AndroidManifest.xml:24:5-26:41
MERGED from [com.facebook.android:facebook-login:4.36.0] AndroidManifest.xml:24:5-26:41
MERGED from [com.facebook.android:facebook-share:4.36.0] AndroidManifest.xml:24:5-26:41
MERGED from [com.facebook.android:facebook-share:4.36.0] AndroidManifest.xml:24:5-26:41
MERGED from [com.facebook.android:facebook-common:4.36.0] AndroidManifest.xml:24:5-26:41
MERGED from [com.facebook.android:facebook-common:4.36.0] AndroidManifest.xml:24:5-26:41
MERGED from [com.android.support:appcompat-v7:27.0.2] AndroidManifest.xml:20:5-44
MERGED from [com.android.support:appcompat-v7:27.0.2] AndroidManifest.xml:20:5-44
MERGED from [com.facebook.android:facebook-places:4.36.0] AndroidManifest.xml:24:5-26:41
MERGED from [com.facebook.android:facebook-places:4.36.0] AndroidManifest.xml:24:5-26:41
MERGED from [com.facebook.android:facebook-applinks:4.36.0] AndroidManifest.xml:24:5-26:41
MERGED from [com.facebook.android:facebook-applinks:4.36.0] AndroidManifest.xml:24:5-26:41
MERGED from [com.facebook.android:facebook-messenger:4.36.0] AndroidManifest.xml:24:5-26:41
MERGED from [com.facebook.android:facebook-messenger:4.36.0] AndroidManifest.xml:24:5-26:41
MERGED from [com.facebook.android:facebook-marketing:4.36.0] AndroidManifest.xml:24:5-26:41
MERGED from [com.facebook.android:facebook-marketing:4.36.0] AndroidManifest.xml:24:5-26:41
MERGED from [com.facebook.android:facebook-core:4.36.0] AndroidManifest.xml:24:5-26:41
MERGED from [com.facebook.android:facebook-core:4.36.0] AndroidManifest.xml:24:5-26:41
MERGED from [com.facebook.fbui.textlayoutbuilder:textlayoutbuilder:1.0.0] AndroidManifest.xml:14:5-16:41
MERGED from [com.facebook.fbui.textlayoutbuilder:textlayoutbuilder:1.0.0] AndroidManifest.xml:14:5-16:41
MERGED from [com.facebook.fresco:fresco:1.3.0] AndroidManifest.xml:5:5-7:41
MERGED from [com.facebook.fresco:fresco:1.3.0] AndroidManifest.xml:5:5-7:41
MERGED from [com.facebook.fresco:imagepipeline-okhttp3:1.3.0] AndroidManifest.xml:5:5-7:41
MERGED from [com.facebook.fresco:imagepipeline-okhttp3:1.3.0] AndroidManifest.xml:5:5-7:41
MERGED from [com.facebook.soloader:soloader:0.1.0] AndroidManifest.xml:2:3-70
MERGED from [com.facebook.soloader:soloader:0.1.0] AndroidManifest.xml:2:3-70
MERGED from [com.facebook.fresco:drawee:1.3.0] AndroidManifest.xml:5:5-7:41
MERGED from [com.facebook.fresco:drawee:1.3.0] AndroidManifest.xml:5:5-7:41
MERGED from [com.facebook.fresco:imagepipeline:1.3.0] AndroidManifest.xml:5:5-7:41
MERGED from [com.facebook.fresco:imagepipeline:1.3.0] AndroidManifest.xml:5:5-7:41
MERGED from [com.facebook.fresco:imagepipeline-base:1.3.0] AndroidManifest.xml:5:5-7:41
MERGED from [com.facebook.fresco:imagepipeline-base:1.3.0] AndroidManifest.xml:5:5-7:41
MERGED from [com.facebook.fresco:fbcore:1.3.0] AndroidManifest.xml:5:5-7:41
MERGED from [com.facebook.fresco:fbcore:1.3.0] AndroidManifest.xml:5:5-7:41
MERGED from [com.android.support:support-v4:27.0.2] AndroidManifest.xml:20:5-44
MERGED from [com.android.support:support-v4:27.0.2] AndroidManifest.xml:20:5-44
MERGED from [com.android.support:support-fragment:27.0.2] AndroidManifest.xml:20:5-44
MERGED from [com.android.support:support-fragment:27.0.2] AndroidManifest.xml:20:5-44
MERGED from [com.android.support:support-core-utils:27.0.2] AndroidManifest.xml:20:5-44
MERGED from [com.android.support:support-core-utils:27.0.2] AndroidManifest.xml:20:5-44
MERGED from [com.android.support:animated-vector-drawable:27.0.2] AndroidManifest.xml:20:5-44
MERGED from [com.android.support:animated-vector-drawable:27.0.2] AndroidManifest.xml:20:5-44
MERGED from [com.android.support:support-vector-drawable:27.0.2] AndroidManifest.xml:20:5-44
MERGED from [com.android.support:support-vector-drawable:27.0.2] AndroidManifest.xml:20:5-44
MERGED from [com.android.support:support-core-ui:27.0.2] AndroidManifest.xml:20:5-44
MERGED from [com.android.support:support-core-ui:27.0.2] AndroidManifest.xml:20:5-44
MERGED from [com.android.support:customtabs:27.0.2] AndroidManifest.xml:20:5-44
MERGED from [com.android.support:customtabs:27.0.2] AndroidManifest.xml:20:5-44
MERGED from [com.android.support:support-media-compat:27.0.2] AndroidManifest.xml:20:5-44
MERGED from [com.android.support:support-media-compat:27.0.2] AndroidManifest.xml:20:5-44
MERGED from [com.android.support:support-compat:27.0.2] AndroidManifest.xml:20:5-44
MERGED from [com.android.support:support-compat:27.0.2] AndroidManifest.xml:20:5-44
MERGED from [com.android.support:cardview-v7:27.0.2] AndroidManifest.xml:20:5-44
MERGED from [com.android.support:cardview-v7:27.0.2] AndroidManifest.xml:20:5-44
MERGED from [android.arch.lifecycle:runtime:1.0.3] AndroidManifest.xml:20:5-22:41
MERGED from [android.arch.lifecycle:runtime:1.0.3] AndroidManifest.xml:20:5-22:41
INJECTED from src\main\AndroidManifest.xml
INJECTED from src\main\AndroidManifest.xml
	android:targetSdkVersion
		INJECTED from src\main\AndroidManifest.xml
		ADDED from src\main\AndroidManifest.xml
		INJECTED from src\main\AndroidManifest.xml
	android:minSdkVersion
		INJECTED from src\main\AndroidManifest.xml
		ADDED from src\main\AndroidManifest.xml
		INJECTED from src\main\AndroidManifest.xml
activity#com.facebook.FacebookActivity
ADDED from [com.facebook.android:facebook-common:4.36.0] AndroidManifest.xml:29:9-32:66
	android:configChanges
		ADDED from [com.facebook.android:facebook-common:4.36.0] AndroidManifest.xml:31:13-96
	android:theme
		ADDED from [com.facebook.android:facebook-common:4.36.0] AndroidManifest.xml:32:13-63
	android:name
		ADDED from [com.facebook.android:facebook-common:4.36.0] AndroidManifest.xml:30:13-57
activity#com.facebook.CustomTabMainActivity
ADDED from [com.facebook.android:facebook-common:4.36.0] AndroidManifest.xml:33:9-71
	android:name
		ADDED from [com.facebook.android:facebook-common:4.36.0] AndroidManifest.xml:33:19-68
activity#com.facebook.CustomTabActivity
ADDED from [com.facebook.android:facebook-common:4.36.0] AndroidManifest.xml:34:9-67
	android:name
		ADDED from [com.facebook.android:facebook-common:4.36.0] AndroidManifest.xml:34:19-64
provider#com.facebook.marketing.internal.MarketingInitProvider
ADDED from [com.facebook.android:facebook-marketing:4.36.0] AndroidManifest.xml:29:9-32:40
	android:authorities
		ADDED from [com.facebook.android:facebook-marketing:4.36.0] AndroidManifest.xml:31:13-73
	android:exported
		ADDED from [com.facebook.android:facebook-marketing:4.36.0] AndroidManifest.xml:32:13-37
	android:name
		ADDED from [com.facebook.android:facebook-marketing:4.36.0] AndroidManifest.xml:30:13-81
provider#com.facebook.internal.FacebookInitProvider
ADDED from [com.facebook.android:facebook-core:4.36.0] AndroidManifest.xml:39:9-42:40
	android:authorities
		ADDED from [com.facebook.android:facebook-core:4.36.0] AndroidManifest.xml:41:13-72
	android:exported
		ADDED from [com.facebook.android:facebook-core:4.36.0] AndroidManifest.xml:42:13-37
	android:name
		ADDED from [com.facebook.android:facebook-core:4.36.0] AndroidManifest.xml:40:13-70
receiver#com.facebook.CurrentAccessTokenExpirationBroadcastReceiver
ADDED from [com.facebook.android:facebook-core:4.36.0] AndroidManifest.xml:44:9-50:20
	android:exported
		ADDED from [com.facebook.android:facebook-core:4.36.0] AndroidManifest.xml:46:13-37
	android:name
		ADDED from [com.facebook.android:facebook-core:4.36.0] AndroidManifest.xml:45:13-86
intent-filter#action:name:com.facebook.sdk.ACTION_CURRENT_ACCESS_TOKEN_CHANGED
ADDED from [com.facebook.android:facebook-core:4.36.0] AndroidManifest.xml:47:13-49:29
action#com.facebook.sdk.ACTION_CURRENT_ACCESS_TOKEN_CHANGED
ADDED from [com.facebook.android:facebook-core:4.36.0] AndroidManifest.xml:48:17-95
	android:name
		ADDED from [com.facebook.android:facebook-core:4.36.0] AndroidManifest.xml:48:25-92
uses-permission#android.permission.WRITE_EXTERNAL_STORAGE
IMPLIED from src\main\AndroidManifest.xml:1:1-27:12 reason: org.webkit.android_jsc has a targetSdkVersion < 4
uses-permission#android.permission.READ_PHONE_STATE
IMPLIED from src\main\AndroidManifest.xml:1:1-27:12 reason: org.webkit.android_jsc has a targetSdkVersion < 4
uses-permission#android.permission.READ_EXTERNAL_STORAGE
IMPLIED from src\main\AndroidManifest.xml:1:1-27:12 reason: org.webkit.android_jsc requested WRITE_EXTERNAL_STORAGE